\BOOKMARK [0][-]{chapter.1}{\376\377\000S\000e\000r\000i\000a\000l\000\040\000W\000i\000r\000e\000\040\000D\000e\000b\000u\000g\000\040\000O\000p\000e\000n\000\040\000L\000i\000b\000r\000a\000r\000y\000.}{}
\BOOKMARK [1][-]{section.1.1}{\376\377\000I\000n\000t\000r\000o\000d\000u\000c\000t\000i\000o\000n}{chapter.1}
\BOOKMARK [1][-]{section.1.2}{\376\377\000W\000h\000a\000t\000\040\000i\000s\000\040\000t\000h\000i\000s\000\040\000a\000b\000o\000u\000t}{chapter.1}
\BOOKMARK [1][-]{section.1.3}{\376\377\000H\000o\000w\000\040\000i\000t\000\040\000w\000o\000r\000k\000s}{chapter.1}
\BOOKMARK [2][-]{subsection.1.3.1}{\376\377\000S\000W\000D\000\040\000C\000o\000n\000t\000e\000x\000t}{section.1.3}
\BOOKMARK [2][-]{subsection.1.3.2}{\376\377\000F\000u\000n\000c\000t\000i\000o\000n\000s}{section.1.3}
\BOOKMARK [2][-]{subsection.1.3.3}{\376\377\000C\000o\000m\000m\000a\000n\000d\000s}{section.1.3}
\BOOKMARK [1][-]{section.1.4}{\376\377\000D\000r\000i\000v\000e\000r\000s}{chapter.1}
\BOOKMARK [1][-]{section.1.5}{\376\377\000E\000x\000a\000m\000p\000l\000e}{chapter.1}
\BOOKMARK [0][-]{chapter.2}{\376\377\000C\000l\000a\000s\000s\000\040\000I\000n\000d\000e\000x}{}
\BOOKMARK [1][-]{section.2.1}{\376\377\000C\000l\000a\000s\000s\000\040\000L\000i\000s\000t}{chapter.2}
\BOOKMARK [0][-]{chapter.3}{\376\377\000F\000i\000l\000e\000\040\000I\000n\000d\000e\000x}{}
\BOOKMARK [1][-]{section.3.1}{\376\377\000F\000i\000l\000e\000\040\000L\000i\000s\000t}{chapter.3}
\BOOKMARK [0][-]{chapter.4}{\376\377\000C\000l\000a\000s\000s\000\040\000D\000o\000c\000u\000m\000e\000n\000t\000a\000t\000i\000o\000n}{}
\BOOKMARK [1][-]{section.4.1}{\376\377\000s\000w\000d\000\137\000a\000h\000b\000a\000p\000\137\000t\000\040\000S\000t\000r\000u\000c\000t\000\040\000R\000e\000f\000e\000r\000e\000n\000c\000e}{chapter.4}
\BOOKMARK [2][-]{subsection.4.1.1}{\376\377\000D\000e\000t\000a\000i\000l\000e\000d\000\040\000D\000e\000s\000c\000r\000i\000p\000t\000i\000o\000n}{section.4.1}
\BOOKMARK [1][-]{section.4.2}{\376\377\000s\000w\000d\000\137\000c\000m\000d\000\137\000t\000\040\000S\000t\000r\000u\000c\000t\000\040\000R\000e\000f\000e\000r\000e\000n\000c\000e}{chapter.4}
\BOOKMARK [2][-]{subsection.4.2.1}{\376\377\000D\000e\000t\000a\000i\000l\000e\000d\000\040\000D\000e\000s\000c\000r\000i\000p\000t\000i\000o\000n}{section.4.2}
\BOOKMARK [1][-]{section.4.3}{\376\377\000s\000w\000d\000\137\000c\000o\000n\000t\000e\000x\000t\000\137\000c\000o\000n\000f\000i\000g\000\137\000t\000\040\000S\000t\000r\000u\000c\000t\000\040\000R\000e\000f\000e\000r\000e\000n\000c\000e}{chapter.4}
\BOOKMARK [2][-]{subsection.4.3.1}{\376\377\000D\000e\000t\000a\000i\000l\000e\000d\000\040\000D\000e\000s\000c\000r\000i\000p\000t\000i\000o\000n}{section.4.3}
\BOOKMARK [1][-]{section.4.4}{\376\377\000s\000w\000d\000\137\000c\000t\000x\000\137\000t\000\040\000S\000t\000r\000u\000c\000t\000\040\000R\000e\000f\000e\000r\000e\000n\000c\000e}{chapter.4}
\BOOKMARK [2][-]{subsection.4.4.1}{\376\377\000D\000e\000t\000a\000i\000l\000e\000d\000\040\000D\000e\000s\000c\000r\000i\000p\000t\000i\000o\000n}{section.4.4}
\BOOKMARK [1][-]{section.4.5}{\376\377\000s\000w\000d\000\137\000d\000r\000i\000v\000e\000r\000\137\000t\000\040\000S\000t\000r\000u\000c\000t\000\040\000R\000e\000f\000e\000r\000e\000n\000c\000e}{chapter.4}
\BOOKMARK [2][-]{subsection.4.5.1}{\376\377\000D\000e\000t\000a\000i\000l\000e\000d\000\040\000D\000e\000s\000c\000r\000i\000p\000t\000i\000o\000n}{section.4.5}
\BOOKMARK [1][-]{section.4.6}{\376\377\000s\000w\000d\000\137\000s\000w\000d\000p\000\137\000t\000\040\000S\000t\000r\000u\000c\000t\000\040\000R\000e\000f\000e\000r\000e\000n\000c\000e}{chapter.4}
\BOOKMARK [2][-]{subsection.4.6.1}{\376\377\000D\000e\000t\000a\000i\000l\000e\000d\000\040\000D\000e\000s\000c\000r\000i\000p\000t\000i\000o\000n}{section.4.6}
\BOOKMARK [1][-]{section.4.7}{\376\377\000s\000w\000d\000\137\000t\000r\000a\000n\000s\000a\000c\000t\000i\000o\000n\000\137\000t\000\040\000S\000t\000r\000u\000c\000t\000\040\000R\000e\000f\000e\000r\000e\000n\000c\000e}{chapter.4}
\BOOKMARK [2][-]{subsection.4.7.1}{\376\377\000D\000e\000t\000a\000i\000l\000e\000d\000\040\000D\000e\000s\000c\000r\000i\000p\000t\000i\000o\000n}{section.4.7}
\BOOKMARK [0][-]{chapter.5}{\376\377\000F\000i\000l\000e\000\040\000D\000o\000c\000u\000m\000e\000n\000t\000a\000t\000i\000o\000n}{}
\BOOKMARK [1][-]{section.5.1}{\376\377\000s\000r\000c\000/\000l\000i\000b\000s\000w\000d\000.\000c\000\040\000F\000i\000l\000e\000\040\000R\000e\000f\000e\000r\000e\000n\000c\000e}{chapter.5}
\BOOKMARK [2][-]{subsection.5.1.1}{\376\377\000D\000e\000t\000a\000i\000l\000e\000d\000\040\000D\000e\000s\000c\000r\000i\000p\000t\000i\000o\000n}{section.5.1}
\BOOKMARK [2][-]{subsection.5.1.2}{\376\377\000F\000u\000n\000c\000t\000i\000o\000n\000\040\000D\000o\000c\000u\000m\000e\000n\000t\000a\000t\000i\000o\000n}{section.5.1}
\BOOKMARK [3][-]{subsubsection.5.1.2.1}{\376\377\000s\000w\000d\000\137\000b\000i\000n\0003\0002\000\137\000b\000i\000t\000s\000w\000a\000p}{subsection.5.1.2}
\BOOKMARK [3][-]{subsubsection.5.1.2.2}{\376\377\000s\000w\000d\000\137\000b\000i\000n\0003\0002\000\137\000p\000a\000r\000i\000t\000y\000\137\000e\000v\000e\000n}{subsection.5.1.2}
\BOOKMARK [3][-]{subsubsection.5.1.2.3}{\376\377\000s\000w\000d\000\137\000b\000i\000n\0003\0002\000\137\000p\000r\000i\000n\000t}{subsection.5.1.2}
\BOOKMARK [3][-]{subsubsection.5.1.2.4}{\376\377\000s\000w\000d\000\137\000b\000i\000n\0003\0002\000\137\000s\000t\000r\000i\000n\000g}{subsection.5.1.2}
\BOOKMARK [3][-]{subsubsection.5.1.2.5}{\376\377\000s\000w\000d\000\137\000b\000i\000n\0008\000\137\000b\000i\000t\000s\000w\000a\000p}{subsection.5.1.2}
\BOOKMARK [3][-]{subsubsection.5.1.2.6}{\376\377\000s\000w\000d\000\137\000b\000i\000n\0008\000\137\000p\000a\000r\000i\000t\000y\000\137\000e\000v\000e\000n}{subsection.5.1.2}
\BOOKMARK [3][-]{subsubsection.5.1.2.7}{\376\377\000s\000w\000d\000\137\000b\000i\000n\0008\000\137\000p\000r\000i\000n\000t}{subsection.5.1.2}
\BOOKMARK [3][-]{subsubsection.5.1.2.8}{\376\377\000s\000w\000d\000\137\000b\000i\000n\0008\000\137\000s\000t\000r\000i\000n\000g}{subsection.5.1.2}
\BOOKMARK [3][-]{subsubsection.5.1.2.9}{\376\377\000s\000w\000d\000\137\000b\000i\000t\000g\000e\000n\0008\000\137\000r\000e\000q\000u\000e\000s\000t}{subsection.5.1.2}
\BOOKMARK [3][-]{subsubsection.5.1.2.10}{\376\377\000s\000w\000d\000\137\000b\000u\000s\000\137\000r\000e\000a\000d\000\137\000a\000c\000k}{subsection.5.1.2}
\BOOKMARK [3][-]{subsubsection.5.1.2.11}{\376\377\000s\000w\000d\000\137\000b\000u\000s\000\137\000r\000e\000a\000d\000\137\000d\000a\000t\000a\000\137\000p}{subsection.5.1.2}
\BOOKMARK [3][-]{subsubsection.5.1.2.12}{\376\377\000s\000w\000d\000\137\000b\000u\000s\000\137\000s\000e\000t\000d\000i\000r\000\137\000m\000i\000s\000o}{subsection.5.1.2}
\BOOKMARK [3][-]{subsubsection.5.1.2.13}{\376\377\000s\000w\000d\000\137\000b\000u\000s\000\137\000s\000e\000t\000d\000i\000r\000\137\000m\000o\000s\000i}{subsection.5.1.2}
\BOOKMARK [3][-]{subsubsection.5.1.2.14}{\376\377\000s\000w\000d\000\137\000b\000u\000s\000\137\000w\000r\000i\000t\000e\000\137\000c\000o\000n\000t\000r\000o\000l}{subsection.5.1.2}
\BOOKMARK [3][-]{subsubsection.5.1.2.15}{\376\377\000s\000w\000d\000\137\000b\000u\000s\000\137\000w\000r\000i\000t\000e\000\137\000d\000a\000t\000a\000\137\000a\000p}{subsection.5.1.2}
\BOOKMARK [3][-]{subsubsection.5.1.2.16}{\376\377\000s\000w\000d\000\137\000b\000u\000s\000\137\000w\000r\000i\000t\000e\000\137\000d\000a\000t\000a\000\137\000p}{subsection.5.1.2}
\BOOKMARK [3][-]{subsubsection.5.1.2.17}{\376\377\000s\000w\000d\000\137\000b\000u\000s\000\137\000w\000r\000i\000t\000e\000\137\000r\000e\000q\000u\000e\000s\000t}{subsection.5.1.2}
\BOOKMARK [3][-]{subsubsection.5.1.2.18}{\376\377\000s\000w\000d\000\137\000c\000m\000d\000\137\000e\000n\000q\000u\000e\000u\000e}{subsection.5.1.2}
\BOOKMARK [3][-]{subsubsection.5.1.2.19}{\376\377\000s\000w\000d\000\137\000c\000m\000d\000\137\000e\000n\000q\000u\000e\000u\000e\000\137\000m\000i\000s\000o\000\137\000a\000c\000k}{subsection.5.1.2}
\BOOKMARK [3][-]{subsubsection.5.1.2.20}{\376\377\000s\000w\000d\000\137\000c\000m\000d\000\137\000e\000n\000q\000u\000e\000u\000e\000\137\000m\000i\000s\000o\000\137\000d\000a\000t\000a}{subsection.5.1.2}
\BOOKMARK [3][-]{subsubsection.5.1.2.21}{\376\377\000s\000w\000d\000\137\000c\000m\000d\000\137\000e\000n\000q\000u\000e\000u\000e\000\137\000m\000i\000s\000o\000\137\000d\000a\000t\000a\000\137\000p}{subsection.5.1.2}
\BOOKMARK [3][-]{subsubsection.5.1.2.22}{\376\377\000s\000w\000d\000\137\000c\000m\000d\000\137\000e\000n\000q\000u\000e\000u\000e\000\137\000m\000i\000s\000o\000\137\000n\000\137\000d\000a\000t\000a\000\137\000p}{subsection.5.1.2}
\BOOKMARK [3][-]{subsubsection.5.1.2.23}{\376\377\000s\000w\000d\000\137\000c\000m\000d\000\137\000e\000n\000q\000u\000e\000u\000e\000\137\000m\000i\000s\000o\000\137\000n\000b\000i\000t}{subsection.5.1.2}
\BOOKMARK [3][-]{subsubsection.5.1.2.24}{\376\377\000s\000w\000d\000\137\000c\000m\000d\000\137\000e\000n\000q\000u\000e\000u\000e\000\137\000m\000i\000s\000o\000\137\000p\000a\000r\000i\000t\000y}{subsection.5.1.2}
\BOOKMARK [3][-]{subsubsection.5.1.2.25}{\376\377\000s\000w\000d\000\137\000c\000m\000d\000\137\000e\000n\000q\000u\000e\000u\000e\000\137\000m\000i\000s\000o\000\137\000t\000r\000n}{subsection.5.1.2}
\BOOKMARK [3][-]{subsubsection.5.1.2.26}{\376\377\000s\000w\000d\000\137\000c\000m\000d\000\137\000e\000n\000q\000u\000e\000u\000e\000\137\000m\000o\000s\000i\000\137\000c\000o\000n\000t\000r\000o\000l}{subsection.5.1.2}
\BOOKMARK [3][-]{subsubsection.5.1.2.27}{\376\377\000s\000w\000d\000\137\000c\000m\000d\000\137\000e\000n\000q\000u\000e\000u\000e\000\137\000m\000o\000s\000i\000\137\000d\000a\000p\000\137\000r\000e\000s\000e\000t}{subsection.5.1.2}
\BOOKMARK [3][-]{subsubsection.5.1.2.28}{\376\377\000s\000w\000d\000\137\000c\000m\000d\000\137\000e\000n\000q\000u\000e\000u\000e\000\137\000m\000o\000s\000i\000\137\000d\000a\000t\000a}{subsection.5.1.2}
\BOOKMARK [3][-]{subsubsection.5.1.2.29}{\376\377\000s\000w\000d\000\137\000c\000m\000d\000\137\000e\000n\000q\000u\000e\000u\000e\000\137\000m\000o\000s\000i\000\137\000d\000a\000t\000a\000\137\000a\000p}{subsection.5.1.2}
\BOOKMARK [3][-]{subsubsection.5.1.2.30}{\376\377\000s\000w\000d\000\137\000c\000m\000d\000\137\000e\000n\000q\000u\000e\000u\000e\000\137\000m\000o\000s\000i\000\137\000d\000a\000t\000a\000\137\000p}{subsection.5.1.2}
\BOOKMARK [3][-]{subsubsection.5.1.2.31}{\376\377\000s\000w\000d\000\137\000c\000m\000d\000\137\000e\000n\000q\000u\000e\000u\000e\000\137\000m\000o\000s\000i\000\137\000i\000d\000l\000e}{subsection.5.1.2}
\BOOKMARK [3][-]{subsubsection.5.1.2.32}{\376\377\000s\000w\000d\000\137\000c\000m\000d\000\137\000e\000n\000q\000u\000e\000u\000e\000\137\000m\000o\000s\000i\000\137\000j\000t\000a\000g\0002\000s\000w\000d}{subsection.5.1.2}
\BOOKMARK [3][-]{subsubsection.5.1.2.33}{\376\377\000s\000w\000d\000\137\000c\000m\000d\000\137\000e\000n\000q\000u\000e\000u\000e\000\137\000m\000o\000s\000i\000\137\000n\000\137\000d\000a\000t\000a\000\137\000a\000p}{subsection.5.1.2}
\BOOKMARK [3][-]{subsubsection.5.1.2.34}{\376\377\000s\000w\000d\000\137\000c\000m\000d\000\137\000e\000n\000q\000u\000e\000u\000e\000\137\000m\000o\000s\000i\000\137\000n\000\137\000d\000a\000t\000a\000\137\000p}{subsection.5.1.2}
\BOOKMARK [3][-]{subsubsection.5.1.2.35}{\376\377\000s\000w\000d\000\137\000c\000m\000d\000\137\000e\000n\000q\000u\000e\000u\000e\000\137\000m\000o\000s\000i\000\137\000n\000b\000i\000t}{subsection.5.1.2}
\BOOKMARK [3][-]{subsubsection.5.1.2.36}{\376\377\000s\000w\000d\000\137\000c\000m\000d\000\137\000e\000n\000q\000u\000e\000u\000e\000\137\000m\000o\000s\000i\000\137\000p\000a\000r\000i\000t\000y}{subsection.5.1.2}
\BOOKMARK [3][-]{subsubsection.5.1.2.37}{\376\377\000s\000w\000d\000\137\000c\000m\000d\000\137\000e\000n\000q\000u\000e\000u\000e\000\137\000m\000o\000s\000i\000\137\000r\000e\000q\000u\000e\000s\000t}{subsection.5.1.2}
\BOOKMARK [3][-]{subsubsection.5.1.2.38}{\376\377\000s\000w\000d\000\137\000c\000m\000d\000\137\000e\000n\000q\000u\000e\000u\000e\000\137\000m\000o\000s\000i\000\137\000s\000w\000d\0002\000j\000t\000a\000g}{subsection.5.1.2}
\BOOKMARK [3][-]{subsubsection.5.1.2.39}{\376\377\000s\000w\000d\000\137\000c\000m\000d\000\137\000e\000n\000q\000u\000e\000u\000e\000\137\000m\000o\000s\000i\000\137\000t\000r\000n}{subsection.5.1.2}
\BOOKMARK [3][-]{subsubsection.5.1.2.40}{\376\377\000s\000w\000d\000\137\000c\000m\000d\000q\000\137\000a\000p\000p\000e\000n\000d}{subsection.5.1.2}
\BOOKMARK [3][-]{subsubsection.5.1.2.41}{\376\377\000s\000w\000d\000\137\000c\000m\000d\000q\000\137\000f\000i\000n\000d\000\137\000r\000o\000o\000t}{subsection.5.1.2}
\BOOKMARK [3][-]{subsubsection.5.1.2.42}{\376\377\000s\000w\000d\000\137\000c\000m\000d\000q\000\137\000f\000i\000n\000d\000\137\000t\000a\000i\000l}{subsection.5.1.2}
\BOOKMARK [3][-]{subsubsection.5.1.2.43}{\376\377\000s\000w\000d\000\137\000c\000m\000d\000q\000\137\000f\000l\000u\000s\000h}{subsection.5.1.2}
\BOOKMARK [3][-]{subsubsection.5.1.2.44}{\376\377\000s\000w\000d\000\137\000c\000m\000d\000q\000\137\000f\000r\000e\000e}{subsection.5.1.2}
\BOOKMARK [3][-]{subsubsection.5.1.2.45}{\376\377\000s\000w\000d\000\137\000c\000m\000d\000q\000\137\000f\000r\000e\000e\000\137\000h\000e\000a\000d}{subsection.5.1.2}
\BOOKMARK [3][-]{subsubsection.5.1.2.46}{\376\377\000s\000w\000d\000\137\000c\000m\000d\000q\000\137\000f\000r\000e\000e\000\137\000t\000a\000i\000l}{subsection.5.1.2}
\BOOKMARK [3][-]{subsubsection.5.1.2.47}{\376\377\000s\000w\000d\000\137\000c\000m\000d\000q\000\137\000i\000n\000i\000t}{subsection.5.1.2}
\BOOKMARK [3][-]{subsubsection.5.1.2.48}{\376\377\000s\000w\000d\000\137\000d\000a\000p\000\137\000d\000e\000t\000e\000c\000t}{subsection.5.1.2}
\BOOKMARK [3][-]{subsubsection.5.1.2.49}{\376\377\000s\000w\000d\000\137\000d\000a\000p\000\137\000r\000e\000s\000e\000t}{subsection.5.1.2}
\BOOKMARK [3][-]{subsubsection.5.1.2.50}{\376\377\000s\000w\000d\000\137\000d\000a\000p\000\137\000s\000e\000l\000e\000c\000t}{subsection.5.1.2}
\BOOKMARK [3][-]{subsubsection.5.1.2.51}{\376\377\000s\000w\000d\000\137\000d\000e\000i\000n\000i\000t}{subsection.5.1.2}
\BOOKMARK [3][-]{subsubsection.5.1.2.52}{\376\377\000s\000w\000d\000\137\000d\000e\000i\000n\000i\000t\000\137\000c\000m\000d\000q}{subsection.5.1.2}
\BOOKMARK [3][-]{subsubsection.5.1.2.53}{\376\377\000s\000w\000d\000\137\000d\000e\000i\000n\000i\000t\000\137\000c\000t\000x}{subsection.5.1.2}
\BOOKMARK [3][-]{subsubsection.5.1.2.54}{\376\377\000s\000w\000d\000\137\000d\000p\000\137\000r\000e\000a\000d\000\137\000i\000d\000c\000o\000d\000e}{subsection.5.1.2}
\BOOKMARK [3][-]{subsubsection.5.1.2.55}{\376\377\000s\000w\000d\000\137\000d\000r\000v\000\137\000t\000r\000a\000n\000s\000m\000i\000t}{subsection.5.1.2}
\BOOKMARK [3][-]{subsubsection.5.1.2.56}{\376\377\000s\000w\000d\000\137\000i\000n\000i\000t}{subsection.5.1.2}
\BOOKMARK [3][-]{subsubsection.5.1.2.57}{\376\377\000s\000w\000d\000\137\000l\000o\000g}{subsection.5.1.2}
\BOOKMARK [3][-]{subsubsection.5.1.2.58}{\376\377\000s\000w\000d\000\137\000l\000o\000g\000\137\000l\000e\000v\000e\000l\000\137\000s\000e\000t}{subsection.5.1.2}
\BOOKMARK [1][-]{section.5.2}{\376\377\000s\000r\000c\000/\000l\000i\000b\000s\000w\000d\000.\000h\000\040\000F\000i\000l\000e\000\040\000R\000e\000f\000e\000r\000e\000n\000c\000e}{chapter.5}
\BOOKMARK [2][-]{subsection.5.2.1}{\376\377\000D\000e\000t\000a\000i\000l\000e\000d\000\040\000D\000e\000s\000c\000r\000i\000p\000t\000i\000o\000n}{section.5.2}
\BOOKMARK [2][-]{subsection.5.2.2}{\376\377\000D\000e\000f\000i\000n\000e\000\040\000D\000o\000c\000u\000m\000e\000n\000t\000a\000t\000i\000o\000n}{section.5.2}
\BOOKMARK [3][-]{subsubsection.5.2.2.1}{\376\377\000A\000H\000B\000\137\000A\000P\000\137\000B\000D\0000}{subsection.5.2.2}
\BOOKMARK [3][-]{subsubsection.5.2.2.2}{\376\377\000A\000H\000B\000\137\000A\000P\000\137\000B\000D\0001}{subsection.5.2.2}
\BOOKMARK [3][-]{subsubsection.5.2.2.3}{\376\377\000A\000H\000B\000\137\000A\000P\000\137\000B\000D\0002}{subsection.5.2.2}
\BOOKMARK [3][-]{subsubsection.5.2.2.4}{\376\377\000A\000H\000B\000\137\000A\000P\000\137\000B\000D\0003}{subsection.5.2.2}
\BOOKMARK [3][-]{subsubsection.5.2.2.5}{\376\377\000A\000H\000B\000\137\000A\000P\000\137\000C\000O\000N\000T\000R\000O\000L\000S\000T\000A\000T\000U\000S}{subsection.5.2.2}
\BOOKMARK [3][-]{subsubsection.5.2.2.6}{\376\377\000A\000H\000B\000\137\000A\000P\000\137\000D\000R\000O\000M\000T}{subsection.5.2.2}
\BOOKMARK [3][-]{subsubsection.5.2.2.7}{\376\377\000A\000H\000B\000\137\000A\000P\000\137\000D\000R\000W}{subsection.5.2.2}
\BOOKMARK [3][-]{subsubsection.5.2.2.8}{\376\377\000A\000H\000B\000\137\000A\000P\000\137\000I\000D\000R}{subsection.5.2.2}
\BOOKMARK [3][-]{subsubsection.5.2.2.9}{\376\377\000A\000H\000B\000\137\000A\000P\000\137\000T\000A\000R}{subsection.5.2.2}
\BOOKMARK [3][-]{subsubsection.5.2.2.10}{\376\377\000S\000W\000D\000\137\000A\000B\000O\000R\000T\000\137\000B\000I\000T\000N\000U\000M\000\137\000D\000A\000P\000A\000B\000O\000R\000T}{subsection.5.2.2}
\BOOKMARK [3][-]{subsubsection.5.2.2.11}{\376\377\000S\000W\000D\000\137\000C\000T\000R\000L\000S\000T\000A\000T\000\137\000B\000I\000T\000N\000U\000M\000\137\000O\000R\000U\000N\000D\000E\000T\000E\000C\000T}{subsection.5.2.2}
\BOOKMARK [3][-]{subsubsection.5.2.2.12}{\376\377\000S\000W\000D\000\137\000D\000A\000T\000A\000\137\000M\000A\000X\000B\000I\000T\000C\000O\000U\000N\000T}{subsection.5.2.2}
\BOOKMARK [3][-]{subsubsection.5.2.2.13}{\376\377\000S\000W\000D\000\137\000M\000A\000S\000K\000L\000A\000N\000E\000\137\0000}{subsection.5.2.2}
\BOOKMARK [3][-]{subsubsection.5.2.2.14}{\376\377\000S\000W\000D\000\137\000R\000E\000Q\000U\000E\000S\000T\000\137\000S\000T\000A\000R\000T\000\137\000B\000I\000T\000N\000U\000M}{subsection.5.2.2}
\BOOKMARK [3][-]{subsubsection.5.2.2.15}{\376\377\000S\000W\000D\000\137\000S\000E\000L\000E\000C\000T\000\137\000B\000I\000T\000N\000U\000M\000\137\000C\000T\000R\000L\000S\000E\000L}{subsection.5.2.2}
\BOOKMARK [3][-]{subsubsection.5.2.2.16}{\376\377\000S\000W\000D\000\137\000T\000U\000R\000N\000R\000O\000U\000N\000D\000\137\0001\000\137\000C\000O\000D\000E}{subsection.5.2.2}
\BOOKMARK [3][-]{subsubsection.5.2.2.17}{\376\377\000S\000W\000D\000\137\000T\000U\000R\000N\000R\000O\000U\000N\000D\000\137\0002\000\137\000C\000O\000D\000E}{subsection.5.2.2}
\BOOKMARK [3][-]{subsubsection.5.2.2.18}{\376\377\000S\000W\000D\000\137\000T\000U\000R\000N\000R\000O\000U\000N\000D\000\137\0003\000\137\000C\000O\000D\000E}{subsection.5.2.2}
\BOOKMARK [3][-]{subsubsection.5.2.2.19}{\376\377\000S\000W\000D\000\137\000T\000U\000R\000N\000R\000O\000U\000N\000D\000\137\0004\000\137\000C\000O\000D\000E}{subsection.5.2.2}
\BOOKMARK [3][-]{subsubsection.5.2.2.20}{\376\377\000S\000W\000D\000\137\000T\000U\000R\000N\000R\000O\000U\000N\000D\000\137\000D\000E\000F\000A\000U\000L\000T\000\137\000V\000A\000L}{subsection.5.2.2}
\BOOKMARK [3][-]{subsubsection.5.2.2.21}{\376\377\000S\000W\000D\000\137\000T\000U\000R\000N\000R\000O\000U\000N\000D\000\137\000M\000A\000X\000\137\000V\000A\000L}{subsection.5.2.2}
\BOOKMARK [3][-]{subsubsection.5.2.2.22}{\376\377\000S\000W\000D\000\137\000T\000U\000R\000N\000R\000O\000U\000N\000D\000\137\000M\000I\000N\000\137\000V\000A\000L}{subsection.5.2.2}
\BOOKMARK [3][-]{subsubsection.5.2.2.23}{\376\377\000S\000W\000D\000\137\000W\000C\000R\000\137\000B\000I\000T\000N\000U\000M\000\137\000P\000R\000E\000S\000C\000A\000L\000E\000R}{subsection.5.2.2}
\BOOKMARK [3][-]{subsubsection.5.2.2.24}{\376\377\000S\000W\000D\000\137\000W\000C\000R\000\137\000B\000I\000T\000N\000U\000M\000\137\000T\000U\000R\000N\000R\000O\000U\000N\000D}{subsection.5.2.2}
\BOOKMARK [3][-]{subsubsection.5.2.2.25}{\376\377\000S\000W\000D\000\137\000W\000C\000R\000\137\000B\000I\000T\000N\000U\000M\000\137\000W\000I\000R\000E\000M\000O\000D\000E}{subsection.5.2.2}
\BOOKMARK [2][-]{subsection.5.2.3}{\376\377\000T\000y\000p\000e\000d\000e\000f\000\040\000D\000o\000c\000u\000m\000e\000n\000t\000a\000t\000i\000o\000n}{section.5.2}
\BOOKMARK [3][-]{subsubsection.5.2.3.1}{\376\377\000s\000w\000d\000\137\000c\000m\000d\000\137\000t}{subsection.5.2.3}
\BOOKMARK [2][-]{subsection.5.2.4}{\376\377\000E\000n\000u\000m\000e\000r\000a\000t\000i\000o\000n\000\040\000T\000y\000p\000e\000\040\000D\000o\000c\000u\000m\000e\000n\000t\000a\000t\000i\000o\000n}{section.5.2}
\BOOKMARK [3][-]{subsubsection.5.2.4.1}{\376\377\000s\000w\000d\000\137\000b\000o\000o\000l\000\137\000t}{subsection.5.2.4}
\BOOKMARK [3][-]{subsubsection.5.2.4.2}{\376\377\000s\000w\000d\000\137\000c\000m\000d\000t\000y\000p\000e\000\137\000t}{subsection.5.2.4}
\BOOKMARK [3][-]{subsubsection.5.2.4.3}{\376\377\000s\000w\000d\000\137\000e\000r\000r\000o\000r\000\137\000c\000o\000d\000e\000\137\000t}{subsection.5.2.4}
\BOOKMARK [3][-]{subsubsection.5.2.4.4}{\376\377\000s\000w\000d\000\137\000l\000o\000g\000l\000e\000v\000e\000l\000\137\000t}{subsection.5.2.4}
\BOOKMARK [3][-]{subsubsection.5.2.4.5}{\376\377\000s\000w\000d\000\137\000o\000p\000e\000r\000a\000t\000i\000o\000n\000\137\000t}{subsection.5.2.4}
\BOOKMARK [3][-]{subsubsection.5.2.4.6}{\376\377\000s\000w\000d\000\137\000s\000h\000i\000f\000t\000d\000i\000r\000\137\000t}{subsection.5.2.4}
\BOOKMARK [2][-]{subsection.5.2.5}{\376\377\000F\000u\000n\000c\000t\000i\000o\000n\000\040\000D\000o\000c\000u\000m\000e\000n\000t\000a\000t\000i\000o\000n}{section.5.2}
\BOOKMARK [3][-]{subsubsection.5.2.5.1}{\376\377\000s\000w\000d\000\137\000b\000i\000n\0003\0002\000\137\000b\000i\000t\000s\000w\000a\000p}{subsection.5.2.5}
\BOOKMARK [3][-]{subsubsection.5.2.5.2}{\376\377\000s\000w\000d\000\137\000b\000i\000n\0003\0002\000\137\000p\000a\000r\000i\000t\000y\000\137\000e\000v\000e\000n}{subsection.5.2.5}
\BOOKMARK [3][-]{subsubsection.5.2.5.3}{\376\377\000s\000w\000d\000\137\000b\000i\000n\0003\0002\000\137\000p\000r\000i\000n\000t}{subsection.5.2.5}
\BOOKMARK [3][-]{subsubsection.5.2.5.4}{\376\377\000s\000w\000d\000\137\000b\000i\000n\0003\0002\000\137\000s\000t\000r\000i\000n\000g}{subsection.5.2.5}
\BOOKMARK [3][-]{subsubsection.5.2.5.5}{\376\377\000s\000w\000d\000\137\000b\000i\000n\0008\000\137\000b\000i\000t\000s\000w\000a\000p}{subsection.5.2.5}
\BOOKMARK [3][-]{subsubsection.5.2.5.6}{\376\377\000s\000w\000d\000\137\000b\000i\000n\0008\000\137\000p\000a\000r\000i\000t\000y\000\137\000e\000v\000e\000n}{subsection.5.2.5}
\BOOKMARK [3][-]{subsubsection.5.2.5.7}{\376\377\000s\000w\000d\000\137\000b\000i\000n\0008\000\137\000p\000r\000i\000n\000t}{subsection.5.2.5}
\BOOKMARK [3][-]{subsubsection.5.2.5.8}{\376\377\000s\000w\000d\000\137\000b\000i\000n\0008\000\137\000s\000t\000r\000i\000n\000g}{subsection.5.2.5}
\BOOKMARK [3][-]{subsubsection.5.2.5.9}{\376\377\000s\000w\000d\000\137\000b\000i\000t\000g\000e\000n\0008\000\137\000r\000e\000q\000u\000e\000s\000t}{subsection.5.2.5}
\BOOKMARK [3][-]{subsubsection.5.2.5.10}{\376\377\000s\000w\000d\000\137\000b\000u\000s\000\137\000r\000e\000a\000d\000\137\000a\000c\000k}{subsection.5.2.5}
\BOOKMARK [3][-]{subsubsection.5.2.5.11}{\376\377\000s\000w\000d\000\137\000b\000u\000s\000\137\000r\000e\000a\000d\000\137\000d\000a\000t\000a\000\137\000p}{subsection.5.2.5}
\BOOKMARK [3][-]{subsubsection.5.2.5.12}{\376\377\000s\000w\000d\000\137\000b\000u\000s\000\137\000s\000e\000t\000d\000i\000r\000\137\000m\000i\000s\000o}{subsection.5.2.5}
\BOOKMARK [3][-]{subsubsection.5.2.5.13}{\376\377\000s\000w\000d\000\137\000b\000u\000s\000\137\000s\000e\000t\000d\000i\000r\000\137\000m\000o\000s\000i}{subsection.5.2.5}
\BOOKMARK [3][-]{subsubsection.5.2.5.14}{\376\377\000s\000w\000d\000\137\000b\000u\000s\000\137\000w\000r\000i\000t\000e\000\137\000c\000o\000n\000t\000r\000o\000l}{subsection.5.2.5}
\BOOKMARK [3][-]{subsubsection.5.2.5.15}{\376\377\000s\000w\000d\000\137\000b\000u\000s\000\137\000w\000r\000i\000t\000e\000\137\000d\000a\000t\000a\000\137\000a\000p}{subsection.5.2.5}
\BOOKMARK [3][-]{subsubsection.5.2.5.16}{\376\377\000s\000w\000d\000\137\000b\000u\000s\000\137\000w\000r\000i\000t\000e\000\137\000d\000a\000t\000a\000\137\000p}{subsection.5.2.5}
\BOOKMARK [3][-]{subsubsection.5.2.5.17}{\376\377\000s\000w\000d\000\137\000b\000u\000s\000\137\000w\000r\000i\000t\000e\000\137\000r\000e\000q\000u\000e\000s\000t}{subsection.5.2.5}
\BOOKMARK [3][-]{subsubsection.5.2.5.18}{\376\377\000s\000w\000d\000\137\000c\000m\000d\000\137\000e\000n\000q\000u\000e\000u\000e}{subsection.5.2.5}
\BOOKMARK [3][-]{subsubsection.5.2.5.19}{\376\377\000s\000w\000d\000\137\000c\000m\000d\000\137\000e\000n\000q\000u\000e\000u\000e\000\137\000m\000i\000s\000o\000\137\000a\000c\000k}{subsection.5.2.5}
\BOOKMARK [3][-]{subsubsection.5.2.5.20}{\376\377\000s\000w\000d\000\137\000c\000m\000d\000\137\000e\000n\000q\000u\000e\000u\000e\000\137\000m\000i\000s\000o\000\137\000d\000a\000t\000a}{subsection.5.2.5}
\BOOKMARK [3][-]{subsubsection.5.2.5.21}{\376\377\000s\000w\000d\000\137\000c\000m\000d\000\137\000e\000n\000q\000u\000e\000u\000e\000\137\000m\000i\000s\000o\000\137\000d\000a\000t\000a\000\137\000p}{subsection.5.2.5}
\BOOKMARK [3][-]{subsubsection.5.2.5.22}{\376\377\000s\000w\000d\000\137\000c\000m\000d\000\137\000e\000n\000q\000u\000e\000u\000e\000\137\000m\000i\000s\000o\000\137\000n\000\137\000d\000a\000t\000a\000\137\000p}{subsection.5.2.5}
\BOOKMARK [3][-]{subsubsection.5.2.5.23}{\376\377\000s\000w\000d\000\137\000c\000m\000d\000\137\000e\000n\000q\000u\000e\000u\000e\000\137\000m\000i\000s\000o\000\137\000n\000b\000i\000t}{subsection.5.2.5}
\BOOKMARK [3][-]{subsubsection.5.2.5.24}{\376\377\000s\000w\000d\000\137\000c\000m\000d\000\137\000e\000n\000q\000u\000e\000u\000e\000\137\000m\000i\000s\000o\000\137\000p\000a\000r\000i\000t\000y}{subsection.5.2.5}
\BOOKMARK [3][-]{subsubsection.5.2.5.25}{\376\377\000s\000w\000d\000\137\000c\000m\000d\000\137\000e\000n\000q\000u\000e\000u\000e\000\137\000m\000i\000s\000o\000\137\000t\000r\000n}{subsection.5.2.5}
\BOOKMARK [3][-]{subsubsection.5.2.5.26}{\376\377\000s\000w\000d\000\137\000c\000m\000d\000\137\000e\000n\000q\000u\000e\000u\000e\000\137\000m\000o\000s\000i\000\137\000c\000o\000n\000t\000r\000o\000l}{subsection.5.2.5}
\BOOKMARK [3][-]{subsubsection.5.2.5.27}{\376\377\000s\000w\000d\000\137\000c\000m\000d\000\137\000e\000n\000q\000u\000e\000u\000e\000\137\000m\000o\000s\000i\000\137\000d\000a\000p\000\137\000r\000e\000s\000e\000t}{subsection.5.2.5}
\BOOKMARK [3][-]{subsubsection.5.2.5.28}{\376\377\000s\000w\000d\000\137\000c\000m\000d\000\137\000e\000n\000q\000u\000e\000u\000e\000\137\000m\000o\000s\000i\000\137\000d\000a\000t\000a}{subsection.5.2.5}
\BOOKMARK [3][-]{subsubsection.5.2.5.29}{\376\377\000s\000w\000d\000\137\000c\000m\000d\000\137\000e\000n\000q\000u\000e\000u\000e\000\137\000m\000o\000s\000i\000\137\000d\000a\000t\000a\000\137\000a\000p}{subsection.5.2.5}
\BOOKMARK [3][-]{subsubsection.5.2.5.30}{\376\377\000s\000w\000d\000\137\000c\000m\000d\000\137\000e\000n\000q\000u\000e\000u\000e\000\137\000m\000o\000s\000i\000\137\000d\000a\000t\000a\000\137\000p}{subsection.5.2.5}
\BOOKMARK [3][-]{subsubsection.5.2.5.31}{\376\377\000s\000w\000d\000\137\000c\000m\000d\000\137\000e\000n\000q\000u\000e\000u\000e\000\137\000m\000o\000s\000i\000\137\000i\000d\000l\000e}{subsection.5.2.5}
\BOOKMARK [3][-]{subsubsection.5.2.5.32}{\376\377\000s\000w\000d\000\137\000c\000m\000d\000\137\000e\000n\000q\000u\000e\000u\000e\000\137\000m\000o\000s\000i\000\137\000j\000t\000a\000g\0002\000s\000w\000d}{subsection.5.2.5}
\BOOKMARK [3][-]{subsubsection.5.2.5.33}{\376\377\000s\000w\000d\000\137\000c\000m\000d\000\137\000e\000n\000q\000u\000e\000u\000e\000\137\000m\000o\000s\000i\000\137\000n\000\137\000d\000a\000t\000a\000\137\000a\000p}{subsection.5.2.5}
\BOOKMARK [3][-]{subsubsection.5.2.5.34}{\376\377\000s\000w\000d\000\137\000c\000m\000d\000\137\000e\000n\000q\000u\000e\000u\000e\000\137\000m\000o\000s\000i\000\137\000n\000\137\000d\000a\000t\000a\000\137\000p}{subsection.5.2.5}
\BOOKMARK [3][-]{subsubsection.5.2.5.35}{\376\377\000s\000w\000d\000\137\000c\000m\000d\000\137\000e\000n\000q\000u\000e\000u\000e\000\137\000m\000o\000s\000i\000\137\000n\000b\000i\000t}{subsection.5.2.5}
\BOOKMARK [3][-]{subsubsection.5.2.5.36}{\376\377\000s\000w\000d\000\137\000c\000m\000d\000\137\000e\000n\000q\000u\000e\000u\000e\000\137\000m\000o\000s\000i\000\137\000p\000a\000r\000i\000t\000y}{subsection.5.2.5}
\BOOKMARK [3][-]{subsubsection.5.2.5.37}{\376\377\000s\000w\000d\000\137\000c\000m\000d\000\137\000e\000n\000q\000u\000e\000u\000e\000\137\000m\000o\000s\000i\000\137\000r\000e\000q\000u\000e\000s\000t}{subsection.5.2.5}
\BOOKMARK [3][-]{subsubsection.5.2.5.38}{\376\377\000s\000w\000d\000\137\000c\000m\000d\000\137\000e\000n\000q\000u\000e\000u\000e\000\137\000m\000o\000s\000i\000\137\000s\000w\000d\0002\000j\000t\000a\000g}{subsection.5.2.5}
\BOOKMARK [3][-]{subsubsection.5.2.5.39}{\376\377\000s\000w\000d\000\137\000c\000m\000d\000\137\000e\000n\000q\000u\000e\000u\000e\000\137\000m\000o\000s\000i\000\137\000t\000r\000n}{subsection.5.2.5}
\BOOKMARK [3][-]{subsubsection.5.2.5.40}{\376\377\000s\000w\000d\000\137\000c\000m\000d\000q\000\137\000a\000p\000p\000e\000n\000d}{subsection.5.2.5}
\BOOKMARK [3][-]{subsubsection.5.2.5.41}{\376\377\000s\000w\000d\000\137\000c\000m\000d\000q\000\137\000f\000i\000n\000d\000\137\000r\000o\000o\000t}{subsection.5.2.5}
\BOOKMARK [3][-]{subsubsection.5.2.5.42}{\376\377\000s\000w\000d\000\137\000c\000m\000d\000q\000\137\000f\000i\000n\000d\000\137\000t\000a\000i\000l}{subsection.5.2.5}
\BOOKMARK [3][-]{subsubsection.5.2.5.43}{\376\377\000s\000w\000d\000\137\000c\000m\000d\000q\000\137\000f\000l\000u\000s\000h}{subsection.5.2.5}
\BOOKMARK [3][-]{subsubsection.5.2.5.44}{\376\377\000s\000w\000d\000\137\000c\000m\000d\000q\000\137\000f\000r\000e\000e}{subsection.5.2.5}
\BOOKMARK [3][-]{subsubsection.5.2.5.45}{\376\377\000s\000w\000d\000\137\000c\000m\000d\000q\000\137\000f\000r\000e\000e\000\137\000h\000e\000a\000d}{subsection.5.2.5}
\BOOKMARK [3][-]{subsubsection.5.2.5.46}{\376\377\000s\000w\000d\000\137\000c\000m\000d\000q\000\137\000f\000r\000e\000e\000\137\000t\000a\000i\000l}{subsection.5.2.5}
\BOOKMARK [3][-]{subsubsection.5.2.5.47}{\376\377\000s\000w\000d\000\137\000c\000m\000d\000q\000\137\000i\000n\000i\000t}{subsection.5.2.5}
\BOOKMARK [3][-]{subsubsection.5.2.5.48}{\376\377\000s\000w\000d\000\137\000d\000a\000p\000\137\000d\000e\000t\000e\000c\000t}{subsection.5.2.5}
\BOOKMARK [3][-]{subsubsection.5.2.5.49}{\376\377\000s\000w\000d\000\137\000d\000a\000p\000\137\000r\000e\000s\000e\000t}{subsection.5.2.5}
\BOOKMARK [3][-]{subsubsection.5.2.5.50}{\376\377\000s\000w\000d\000\137\000d\000a\000p\000\137\000s\000e\000l\000e\000c\000t}{subsection.5.2.5}
\BOOKMARK [3][-]{subsubsection.5.2.5.51}{\376\377\000s\000w\000d\000\137\000d\000e\000i\000n\000i\000t}{subsection.5.2.5}
\BOOKMARK [3][-]{subsubsection.5.2.5.52}{\376\377\000s\000w\000d\000\137\000d\000e\000i\000n\000i\000t\000\137\000c\000m\000d\000q}{subsection.5.2.5}
\BOOKMARK [3][-]{subsubsection.5.2.5.53}{\376\377\000s\000w\000d\000\137\000d\000e\000i\000n\000i\000t\000\137\000c\000t\000x}{subsection.5.2.5}
\BOOKMARK [3][-]{subsubsection.5.2.5.54}{\376\377\000s\000w\000d\000\137\000d\000p\000\137\000r\000e\000a\000d\000\137\000i\000d\000c\000o\000d\000e}{subsection.5.2.5}
\BOOKMARK [3][-]{subsubsection.5.2.5.55}{\376\377\000s\000w\000d\000\137\000d\000r\000v\000\137\000t\000r\000a\000n\000s\000m\000i\000t}{subsection.5.2.5}
\BOOKMARK [3][-]{subsubsection.5.2.5.56}{\376\377\000s\000w\000d\000\137\000i\000n\000i\000t}{subsection.5.2.5}
\BOOKMARK [3][-]{subsubsection.5.2.5.57}{\376\377\000s\000w\000d\000\137\000l\000o\000g}{subsection.5.2.5}
\BOOKMARK [3][-]{subsubsection.5.2.5.58}{\376\377\000s\000w\000d\000\137\000l\000o\000g\000\137\000l\000e\000v\000e\000l\000\137\000i\000n\000h\000e\000r\000i\000t}{subsection.5.2.5}
\BOOKMARK [3][-]{subsubsection.5.2.5.59}{\376\377\000s\000w\000d\000\137\000l\000o\000g\000\137\000l\000e\000v\000e\000l\000\137\000s\000e\000t}{subsection.5.2.5}
